[Licensing::Module] Trying to connect to existing licensing client channel...
Built from '6000.0/staging' branch; Version is '6000.0.69f1 (5f8607f5118b) revision 6260231'; Using compiler version '193933523'; Build Type 'Release'
OS: 'Windows 11  (10.0.26200) Core' Language: 'en' Physical Memory: 16161 MB
BatchMode: 1, IsHumanControllingUs: 0, StartBugReporterOnCrash: 0, Is64bit: 1
System  architecture: x64
Process architecture: x64
Date: 2026-03-08T23:53:04Z
[Licensing::IpcConnector] Successfully connected to: "LicenseClient-reyes" at "2026-03-08T23:53:04.8539829Z"

COMMAND LINE ARGUMENTS:
C:\Program Files\Unity\Hub\Editor\6000.0.69f1\Editor\Unity.exe
-adb2
-batchMode
-noUpm
-name
AssetImportWorker0
-projectPath
C:/Users/reyes/OneDrive/Documents/GitHub/Team3-2D
-logFile
Logs/AssetImportWorker0.log
-srvPort
49681
-licensingIpc
LicenseClient-reyes
-job-worker-count
3
-background-job-worker-count
8
-gc-helper-count
1
-name
AssetImport
Successfully changed project path to: C:/Users/reyes/OneDrive/Documents/GitHub/Team3-2D
C:/Users/reyes/OneDrive/Documents/GitHub/Team3-2D
[UnityMemory] Configuration Parameters - Can be set up in boot.config
    "memorysetup-bucket-allocator-granularity=16"
    "memorysetup-bucket-allocator-bucket-count=8"
    "memorysetup-bucket-allocator-block-size=33554432"
    "memorysetup-bucket-allocator-block-count=8"
    "memorysetup-main-allocator-block-size=16777216"
    "memorysetup-thread-allocator-block-size=16777216"
    "memorysetup-gfx-main-allocator-block-size=16777216"
    "memorysetup-gfx-thread-allocator-block-size=16777216"
    "memorysetup-cache-allocator-block-size=4194304"
    "memorysetup-typetree-allocator-block-size=2097152"
    "memorysetup-profiler-bucket-allocator-granularity=16"
    "memorysetup-profiler-bucket-allocator-bucket-count=8"
    "memorysetup-profiler-bucket-allocator-block-size=33554432"
    "memorysetup-profiler-bucket-allocator-block-count=8"
    "memorysetup-profiler-allocator-block-size=16777216"
    "memorysetup-profiler-editor-allocator-block-size=1048576"
    "memorysetup-temp-allocator-size-main=16777216"
    "memorysetup-job-temp-allocator-block-size=2097152"
    "memorysetup-job-temp-allocator-block-size-background=1048576"
    "memorysetup-job-temp-allocator-reduction-small-platforms=262144"
    "memorysetup-allocator-temp-initial-block-size-main=262144"
    "memorysetup-allocator-temp-initial-block-size-worker=262144"
    "memorysetup-temp-allocator-size-background-worker=32768"
    "memorysetup-temp-allocator-size-job-worker=262144"
    "memorysetup-temp-allocator-size-preload-manager=33554432"
    "memorysetup-temp-allocator-size-nav-mesh-worker=65536"
    "memorysetup-temp-allocator-size-audio-worker=65536"
    "memorysetup-temp-allocator-size-cloud-worker=32768"
    "memorysetup-temp-allocator-size-gi-baking-worker=262144"
    "memorysetup-temp-allocator-size-gi-baking-worker=262144"
    "memorysetup-temp-allocator-size-gi-baking-worker=262144"
    "memorysetup-temp-allocator-size-gi-baking-worker=262144"
    "memorysetup-temp-allocator-size-gi-baking-worker=262144"
    "memorysetup-temp-allocator-size-gfx=262144"
Player connection [1928]  Target information:

Player connection [1928]  * "[IP] 10.5.0.2 [Port] 0 [Flags] 2 [Guid] 3045870376 [EditorId] 3045870376 [Version] 1048832 [Id] WindowsEditor(7,DESKTOP-AQIFDUU) [Debug] 1 [PackageName] WindowsEditor [ProjectName] Editor" 

Player connection [1928]  * "[IP] 192.168.254.61 [Port] 0 [Flags] 2 [Guid] 3045870376 [EditorId] 3045870376 [Version] 1048832 [Id] WindowsEditor(7,DESKTOP-AQIFDUU) [Debug] 1 [PackageName] WindowsEditor [ProjectName] Editor" 

Player connection [1928] Host joined multi-casting on [225.0.0.222:54997]...
Player connection [1928] Host joined alternative multi-casting on [225.0.0.222:34997]...
JobSystem: Creating JobQueue using job-worker-count value 3
Input System module state changed to: Initialized.
[Physics::Module] Initialized fallback backend.
[Physics::Module] Id: 0xdecafbad
Library Redirect Path: Library/
[Physics::Module] Selected backend.
[Physics::Module] Name: PhysX
[Physics::Module] Id: 0xf2b8ea05
[Physics::Module] SDK Version: 4.1.2
[Physics::Module] Integration Version: 1.0.0
[Physics::Module] Threading Mode: Multi-Threaded
Refreshing native plugins compatible for Editor in 38.00 ms, found 4 plugins.
Preloading 0 native plugins for Editor in 0.00 ms.
Initialize engine version: 6000.0.69f1 (5f8607f5118b)
[Subsystems] Discovering subsystems at path C:/Program Files/Unity/Hub/Editor/6000.0.69f1/Editor/Data/Resources/UnitySubsystems
[Subsystems] Discovering subsystems at path C:/Users/reyes/OneDrive/Documents/GitHub/Team3-2D/Assets
GfxDevice: creating device client; kGfxThreadingModeNonThreaded
Direct3D:
    Version:  Direct3D 11.0 [level 11.1]
    Renderer: NVIDIA GeForce GTX 1050 with Max-Q Design (ID=0x1c92)
    Vendor:   NVIDIA
    VRAM:     4007 MB
    Driver:   32.0.15.8228
Initialize mono
Mono path[0] = 'C:/Program Files/Unity/Hub/Editor/6000.0.69f1/Editor/Data/Managed'
Mono path[1] = 'C:/Program Files/Unity/Hub/Editor/6000.0.69f1/Editor/Data/MonoBleedingEdge/lib/mono/unityjit-win32'
Mono config path = 'C:/Program Files/Unity/Hub/Editor/6000.0.69f1/Editor/Data/MonoBleedingEdge/etc'
Using monoOptions --debugger-agent=transport=dt_socket,embedding=1,server=y,suspend=n,address=127.0.0.1:56764
Begin MonoManager ReloadAssembly
Registering precompiled unity dll's ...
Register platform support module: C:/Program Files/Unity/Hub/Editor/6000.0.69f1/Editor/Data/PlaybackEngines/WindowsStandaloneSupport/UnityEditor.WindowsStandalone.Extensions.dll
Registered in 0.024240 seconds.
- Loaded All Assemblies, in  2.808 seconds
Native extension for WindowsStandalone target not found
Package Manager log level set to [2]
[Package Manager] Failed to launch server process. Reason: Unity was launched with the -noUpm command-line argument
[Package Manager] Unable to send message (not connected to server process).
[Package Manager] Cannot connect to Unity Package Manager local server
Mono: successfully reloaded assembly
- Finished resetting the current domain, in  1.828 seconds
Domain Reload Profiling: 4586ms
	BeginReloadAssembly (1370ms)
		ExecutionOrderSort (0ms)
		DisableScriptedObjects (0ms)
		BackupInstance (0ms)
		ReleaseScriptingObjects (0ms)
		CreateAndSetChildDomain (2ms)
	RebuildCommonClasses (234ms)
	RebuildNativeTypeToScriptingClass (74ms)
	initialDomainReloadingComplete (327ms)
	LoadAllAssembliesAndSetupDomain (752ms)
		LoadAssemblies (1353ms)
		RebuildTransferFunctionScriptingTraits (0ms)
		AnalyzeDomain (720ms)
			TypeCache.Refresh (712ms)
				TypeCache.ScanAssembly (620ms)
			BuildScriptInfoCaches (0ms)
			ResolveRequiredComponents (2ms)
	FinalizeReload (1829ms)
		ReleaseScriptCaches (0ms)
		RebuildScriptCaches (0ms)
		SetupLoadedEditorAssemblies (1594ms)
			LogAssemblyErrors (0ms)
			InitializePlatformSupportModulesInManaged (83ms)
			SetLoadedEditorAssemblies (19ms)
			BeforeProcessingInitializeOnLoad (279ms)
			ProcessInitializeOnLoadAttributes (898ms)
			ProcessInitializeOnLoadMethodAttributes (315ms)
			AfterProcessingInitializeOnLoad (0ms)
			EditorAssembliesLoaded (0ms)
		ExecutionOrderSort2 (0ms)
		AwakeInstancesAfterBackupRestoration (0ms)
========================================================================
Worker process is ready to serve import requests
Import Worker Mode flag is 0x00
Begin MonoManager ReloadAssembly
[Licensing::Module] Licensing is not yet initialized.
[Licensing::Client] Handshaking with LicensingClient:
  Version:                 1.17.4+4293ba1
  Session Id:              43e29f83f5cc4ec09f6b11aa07d57885
  Correlation Id:          e6140bac19a3b230d434d37266171e68
  External correlation Id: 6912428174307215375
  Machine Id:              h0r6OfoFPu2wUuUzsolmYkWJE9M=
[Licensing::Module] Successfully connected to LicensingClient on channel: "LicenseClient-reyes" (connect: 0.01s, validation: 0.01s, handshake: 10.28s)
[Licensing::IpcConnector] Successfully connected to: "LicenseClient-reyes-notifications" at "2026-03-08T23:53:15.1397949Z"
[Licensing::Module] Licensing Background thread has ended after 10.30s
[Licensing::Module] Licensing is initialized (took 0.94s).
[Licensing::Client] Successfully resolved entitlement details
[Licensing::Module] License group:
  Id: F4-TSMZ-9X56-4ADC-3M9B-XXXX
  Product: Unity Personal
  Type: ULF
  Expiration: Unlimited
[Licensing::Module] License group:
  Id: 2475110705155-UnityPersXXXX
  Product: Unity Personal
  Type: Assigned
  Expiration: Unlimited
- Loaded All Assemblies, in  5.178 seconds
Refreshing native plugins compatible for Editor in 8.42 ms, found 4 plugins.
Native extension for WindowsStandalone target not found
[Package Manager] Failed to launch server process. Reason: Unity was launched with the -noUpm command-line argument
[Package Manager] Unable to send message (not connected to server process).
[Package Manager] Cannot connect to Unity Package Manager local server
[Package Manager] Failed to launch server process. Reason: Unity was launched with the -noUpm command-line argument
[Package Manager] Unable to send message (not connected to server process).
[Package Manager] Cannot connect to Unity Package Manager local server
Mono: successfully reloaded assembly
- Finished resetting the current domain, in  3.258 seconds
Domain Reload Profiling: 8342ms
	BeginReloadAssembly (1723ms)
		ExecutionOrderSort (0ms)
		DisableScriptedObjects (48ms)
		BackupInstance (0ms)
		ReleaseScriptingObjects (0ms)
		CreateAndSetChildDomain (75ms)
	RebuildCommonClasses (119ms)
	RebuildNativeTypeToScriptingClass (28ms)
	initialDomainReloadingComplete (163ms)
	LoadAllAssembliesAndSetupDomain (3049ms)
		LoadAssemblies (2203ms)
		RebuildTransferFunctionScriptingTraits (0ms)
		AnalyzeDomain (1352ms)
			TypeCache.Refresh (947ms)
				TypeCache.ScanAssembly (899ms)
			BuildScriptInfoCaches (354ms)
			ResolveRequiredComponents (39ms)
	FinalizeReload (3260ms)
		ReleaseScriptCaches (0ms)
		RebuildScriptCaches (0ms)
		SetupLoadedEditorAssemblies (2713ms)
			LogAssemblyErrors (0ms)
			InitializePlatformSupportModulesInManaged (6ms)
			SetLoadedEditorAssemblies (18ms)
			BeforeProcessingInitializeOnLoad (644ms)
			ProcessInitializeOnLoadAttributes (1607ms)
			ProcessInitializeOnLoadMethodAttributes (383ms)
			AfterProcessingInitializeOnLoad (52ms)
			EditorAssembliesLoaded (3ms)
		ExecutionOrderSort2 (0ms)
		AwakeInstancesAfterBackupRestoration (18ms)
Launched and connected shader compiler UnityShaderCompiler.exe after 0.07 seconds
Refreshing native plugins compatible for Editor in 12.01 ms, found 4 plugins.
Preloading 0 native plugins for Editor in 0.00 ms.
Unloading 13 Unused Serialized files (Serialized files now loaded: 0)
Unloading 6751 unused Assets / (5.2 MB). Loaded Objects now: 7471.
Memory consumption went from 141.1 MB to 136.0 MB.
Total: 28.685000 ms (FindLiveObjects: 1.434000 ms CreateObjectMapping: 2.603500 ms MarkObjects: 15.175300 ms  DeleteObjects: 9.452700 ms)

========================================================================
Received Import Request.
  Time since last request: 653203.586990 seconds.
  path: Assets/Sprites/SawTrap.psd
  artifactKey: Guid(57ce474c68715ac41a070680efbabc4f) Importer(815301076,1909f56bfc062723c751e8b465ee728b)
Start importing Assets/Sprites/SawTrap.psd using Guid(57ce474c68715ac41a070680efbabc4f) Importer(815301076,1909f56bfc062723c751e8b465ee728b) (PreviewImporter) -> (artifact id: 'b3176c0b93c51754cafaa3769576d2e3') in 0.2830721 seconds
Number of updated asset objects reloaded before import = 0Number of asset objects unloaded after import = 3

========================================================================
Received Import Request.
  Time since last request: 5.740077 seconds.
  path: Assets/Sprites/Player Sprites/Player Sprite Anim/PlayerIdleAnimation_0.controller
  artifactKey: Guid(4e9c075f8318a814b8709af85f9a4bf9) Importer(2089858483,192608db42251d675da83286b1cce702)
Start importing Assets/Sprites/Player Sprites/Player Sprite Anim/PlayerIdleAnimation_0.controller using Guid(4e9c075f8318a814b8709af85f9a4bf9) Importer(2089858483,192608db42251d675da83286b1cce702) (ScriptedImporter) -> (artifact id: '4d8760b045c16bc802cbac659b066868') in 0.3533261 seconds
Number of updated asset objects reloaded before import = 0Number of asset objects unloaded after import = 4

========================================================================
Received Import Request.
  Time since last request: 0.000029 seconds.
  path: Assets/Sprites/SawTrap.psd
  artifactKey: Guid(57ce474c68715ac41a070680efbabc4f) Importer(2089858483,192608db42251d675da83286b1cce702)
Start importing Assets/Sprites/SawTrap.psd using Guid(57ce474c68715ac41a070680efbabc4f) Importer(2089858483,192608db42251d675da83286b1cce702) (ScriptedImporter) -> (artifact id: '03ebf938de2fa71202a29c52df509119') in 0.1604545 seconds
Number of updated asset objects reloaded before import = 0Number of asset objects unloaded after import = 3

========================================================================
Received Import Request.
  Time since last request: 4.502553 seconds.
  path: Assets/Sprites/Saw Sprite
  artifactKey: Guid(677db988d474f8e41962dc7669527fa3) Importer(815301076,1909f56bfc062723c751e8b465ee728b)
Start importing Assets/Sprites/Saw Sprite using Guid(677db988d474f8e41962dc7669527fa3) Importer(815301076,1909f56bfc062723c751e8b465ee728b) (PreviewImporter) -> (artifact id: '372a888d4a27a9ad3ca0d14898cfa6aa') in 0.0009292 seconds
Number of updated asset objects reloaded before import = 0Number of asset objects unloaded after import = 0

========================================================================
Received Import Request.
  Time since last request: 0.792774 seconds.
  path: Assets/Sprites/Saw Sprite
  artifactKey: Guid(677db988d474f8e41962dc7669527fa3) Importer(2089858483,192608db42251d675da83286b1cce702)
Start importing Assets/Sprites/Saw Sprite using Guid(677db988d474f8e41962dc7669527fa3) Importer(2089858483,192608db42251d675da83286b1cce702) (ScriptedImporter) -> (artifact id: 'b927de6f3c354834c25b2897859d25a7') in 0.0182984 seconds
Number of updated asset objects reloaded before import = 0Number of asset objects unloaded after import = 1

========================================================================
Received Import Request.
  Time since last request: 13.877455 seconds.
  path: Assets/Sprites/Saw Sprites
  artifactKey: Guid(677db988d474f8e41962dc7669527fa3) Importer(815301076,1909f56bfc062723c751e8b465ee728b)
Start importing Assets/Sprites/Saw Sprites using Guid(677db988d474f8e41962dc7669527fa3) Importer(815301076,1909f56bfc062723c751e8b465ee728b) (PreviewImporter) -> (artifact id: '750465415981072f097738da72c37f40') in 0.001164 seconds
Number of updated asset objects reloaded before import = 0Number of asset objects unloaded after import = 0

========================================================================
Received Import Request.
  Time since last request: 0.807573 seconds.
  path: Assets/Sprites/Saw Sprites
  artifactKey: Guid(677db988d474f8e41962dc7669527fa3) Importer(2089858483,192608db42251d675da83286b1cce702)
Start importing Assets/Sprites/Saw Sprites using Guid(677db988d474f8e41962dc7669527fa3) Importer(2089858483,192608db42251d675da83286b1cce702) (ScriptedImporter) -> (artifact id: '318f92518fcb36200e2b0eefc59cdb5b') in 0.0161766 seconds
Number of updated asset objects reloaded before import = 0Number of asset objects unloaded after import = 1

========================================================================
Received Import Request.
  Time since last request: 8.863126 seconds.
  path: Assets/Sprites/Saw Sprites/SawTrap.psd
  artifactKey: Guid(57ce474c68715ac41a070680efbabc4f) Importer(2089858483,192608db42251d675da83286b1cce702)
Start importing Assets/Sprites/Saw Sprites/SawTrap.psd using Guid(57ce474c68715ac41a070680efbabc4f) Importer(2089858483,192608db42251d675da83286b1cce702) (ScriptedImporter) -> (artifact id: '68753c2c2182c323437bef21a64a4790') in 0.0358085 seconds
Number of updated asset objects reloaded before import = 0Number of asset objects unloaded after import = 3

========================================================================
Received Import Request.
  Time since last request: 16.337146 seconds.
  path: Assets/Sprites/Saw Sprites/SawTrap.psd
  artifactKey: Guid(57ce474c68715ac41a070680efbabc4f) Importer(815301076,1909f56bfc062723c751e8b465ee728b)
Start importing Assets/Sprites/Saw Sprites/SawTrap.psd using Guid(57ce474c68715ac41a070680efbabc4f) Importer(815301076,1909f56bfc062723c751e8b465ee728b) (PreviewImporter) -> (artifact id: '4c07791d8b26421a80fc58f3caed4080') in 0.0296805 seconds
Number of updated asset objects reloaded before import = 0Number of asset objects unloaded after import = 3

========================================================================
Received Import Request.
  Time since last request: 18.528356 seconds.
  path: Assets/Sprites/Saw Sprites/SawTrap.psd
  artifactKey: Guid(57ce474c68715ac41a070680efbabc4f) Importer(815301076,1909f56bfc062723c751e8b465ee728b)
Start importing Assets/Sprites/Saw Sprites/SawTrap.psd using Guid(57ce474c68715ac41a070680efbabc4f) Importer(815301076,1909f56bfc062723c751e8b465ee728b) (PreviewImporter) -> (artifact id: '341aa890b537281d0d992f121a34b0d1') in 0.0713844 seconds
Number of updated asset objects reloaded before import = 0Number of asset objects unloaded after import = 14

========================================================================
Received Import Request.
  Time since last request: 36.496857 seconds.
  path: Assets/Sprites/Saw Sprites/Saw Sprite Anim
  artifactKey: Guid(e6195a875cfb96447b8f5701a7cc3396) Importer(815301076,1909f56bfc062723c751e8b465ee728b)
Start importing Assets/Sprites/Saw Sprites/Saw Sprite Anim using Guid(e6195a875cfb96447b8f5701a7cc3396) Importer(815301076,1909f56bfc062723c751e8b465ee728b) (PreviewImporter) -> (artifact id: '645f26d51a910bd19a7a5d393ffbb71a') in 0.0031399 seconds
Number of updated asset objects reloaded before import = 0Number of asset objects unloaded after import = 0

========================================================================
Received Import Request.
  Time since last request: 0.813865 seconds.
  path: Assets/Sprites/Saw Sprites/Saw Sprite Anim
  artifactKey: Guid(e6195a875cfb96447b8f5701a7cc3396) Importer(2089858483,192608db42251d675da83286b1cce702)
Start importing Assets/Sprites/Saw Sprites/Saw Sprite Anim using Guid(e6195a875cfb96447b8f5701a7cc3396) Importer(2089858483,192608db42251d675da83286b1cce702) (ScriptedImporter) -> (artifact id: '784c00e5717fcd8dfeb5c4a38fa59937') in 0.0187442 seconds
Number of updated asset objects reloaded before import = 0Number of asset objects unloaded after import = 1

========================================================================
Received Import Request.
  Time since last request: 20.879023 seconds.
  path: Assets/Sprites/Saw Sprites/Saw Sprite Anim/New Animation.anim
  artifactKey: Guid(ab9a02544f5c8fd459ad4dc8d94653a4) Importer(2089858483,192608db42251d675da83286b1cce702)
Start importing Assets/Sprites/Saw Sprites/Saw Sprite Anim/New Animation.anim using Guid(ab9a02544f5c8fd459ad4dc8d94653a4) Importer(2089858483,192608db42251d675da83286b1cce702) (ScriptedImporter) -> (artifact id: '0c470a68b3ca6043569a4e8765af4987') in 0.1070136 seconds
Number of updated asset objects reloaded before import = 0Number of asset objects unloaded after import = 1

========================================================================
Received Import Request.
  Time since last request: 29.105577 seconds.
  path: Assets/Sprites/Saw Sprites/SawTrap.psd
  artifactKey: Guid(57ce474c68715ac41a070680efbabc4f) Importer(815301076,1909f56bfc062723c751e8b465ee728b)
Start importing Assets/Sprites/Saw Sprites/SawTrap.psd using Guid(57ce474c68715ac41a070680efbabc4f) Importer(815301076,1909f56bfc062723c751e8b465ee728b) (PreviewImporter) -> (artifact id: '2932d994d6e0036839a0678cf53c8075') in 0.0685909 seconds
Number of updated asset objects reloaded before import = 0Number of asset objects unloaded after import = 14

========================================================================
Received Import Request.
  Time since last request: 15.377869 seconds.
  path: Assets/Sprites/Player Sprites/PlayerIdleAnimation.psd
  artifactKey: Guid(3ace0f3f8d621544da874c4b9174fa13) Importer(815301076,1909f56bfc062723c751e8b465ee728b)
Start importing Assets/Sprites/Player Sprites/PlayerIdleAnimation.psd using Guid(3ace0f3f8d621544da874c4b9174fa13) Importer(815301076,1909f56bfc062723c751e8b465ee728b) (PreviewImporter) -> (artifact id: 'ee214b68256a4636fb4086156ae2bed5') in 0.0212237 seconds
Number of updated asset objects reloaded before import = 0Number of asset objects unloaded after import = 4

========================================================================
Received Import Request.
  Time since last request: 166.346970 seconds.
  path: Assets/Sprites/Saw Sprites/Saw Sprite Anim/SawTrap_0.controller
  artifactKey: Guid(411989bbc2e7598418ca1ebdf9c16c17) Importer(2089858483,192608db42251d675da83286b1cce702)
Start importing Assets/Sprites/Saw Sprites/Saw Sprite Anim/SawTrap_0.controller using Guid(411989bbc2e7598418ca1ebdf9c16c17) Importer(2089858483,192608db42251d675da83286b1cce702) (ScriptedImporter) -> (artifact id: '4bcac8e62cd26b46c3b6c2ab6efe671f') in 0.03427 seconds
Number of updated asset objects reloaded before import = 0Number of asset objects unloaded after import = 4

========================================================================
Received Import Request.
  Time since last request: 0.000033 seconds.
  path: Assets/Scenes/Level1.unity
  artifactKey: Guid(8c9cfa26abfee488c85f1582747f6a02) Importer(2089858483,192608db42251d675da83286b1cce702)
Start importing Assets/Scenes/Level1.unity using Guid(8c9cfa26abfee488c85f1582747f6a02) Importer(2089858483,192608db42251d675da83286b1cce702) (ScriptedImporter) -> (artifact id: '6fe0bbf52ac9706172e2a7301a81cadf') in 0.0357032 seconds
Number of updated asset objects reloaded before import = 0Number of asset objects unloaded after import = 1

